fev. 19, 2025 2:30:57 AM liquibase.changelog
INFO: Reading from board.databasechangelog
Database is up to date, no changesets to execute
fev. 19, 2025 2:30:57 AM liquibase.changelog
INFO: Reading from board.databasechangelog

UPDATE SUMMARY
Run:                          0
Previously run:               4
Filtered out:                 0
-------------------------------
Total change sets:            4

fev. 19, 2025 2:30:57 AM liquibase.util
INFO: UPDATE SUMMARY
fev. 19, 2025 2:30:57 AM liquibase.util
INFO: Run:                          0
fev. 19, 2025 2:30:57 AM liquibase.util
INFO: Previously run:               4
fev. 19, 2025 2:30:57 AM liquibase.util
INFO: Filtered out:                 0
fev. 19, 2025 2:30:57 AM liquibase.util
INFO: -------------------------------
fev. 19, 2025 2:30:57 AM liquibase.util
INFO: Total change sets:            4
fev. 19, 2025 2:30:57 AM liquibase.util
INFO: Update summary generated
fev. 19, 2025 2:30:57 AM liquibase.lockservice
INFO: Successfully released change log lock
fev. 19, 2025 2:30:57 AM liquibase.command
INFO: Command execution complete
